<?xml version="1.0" encoding="UTF-8"?>
<!-- Generated by org.testng.reporters.JUnitReportReporter -->
<testsuite hostname="LAPTOP-KBNO7HO9" failures="0" tests="4" name="test.TC002_Negative_SignIn_Test" time="52.367" errors="0" timestamp="2024-02-08T20:21:35 IST" skipped="0">
  <testcase classname="test.TC002_Negative_SignIn_Test" name="SignInTest" time="11.537"/>
  <testcase classname="test.TC002_Negative_SignIn_Test" name="SignInTest" time="13.939"/>
  <testcase classname="test.TC002_Negative_SignIn_Test" name="SignInTest" time="11.354"/>
  <testcase classname="test.TC002_Negative_SignIn_Test" name="SignInTest" time="15.537"/>
</testsuite> <!-- test.TC002_Negative_SignIn_Test -->
