<?xml version="1.0" encoding="UTF-8"?>
<!-- Generated by org.testng.reporters.JUnitReportReporter -->
<testsuite hostname="LAPTOP-KBNO7HO9" failures="0" tests="1" name="test.TC001_SignInTest" time="21.434" errors="0" timestamp="2024-02-08T19:47:35 IST" skipped="0">
  <testcase classname="test.TC001_SignInTest" name="SignInTest" time="21.434"/>
</testsuite> <!-- test.TC001_SignInTest -->
