<?xml version="1.0" encoding="UTF-8"?>
<!-- Generated by org.testng.reporters.JUnitReportReporter -->
<testsuite hostname="LAPTOP-KBNO7HO9" failures="0" tests="1" name="test.TC003_Positive_SignIn_Test" time="10.079" errors="0" timestamp="2024-02-12T15:15:14 IST" skipped="0">
  <testcase classname="test.TC003_Positive_SignIn_Test" name="SignInTest" time="10.079"/>
</testsuite> <!-- test.TC003_Positive_SignIn_Test -->
