<?xml version="1.0" encoding="UTF-8"?>
<!-- Generated by org.testng.reporters.JUnitReportReporter -->
<testsuite hostname="LAPTOP-KBNO7HO9" failures="0" tests="1" name="test.InvoiceTest" time="19.032" errors="0" timestamp="2024-02-12T14:56:06 IST" skipped="0">
  <testcase classname="test.InvoiceTest" name="SignInTest" time="19.032"/>
</testsuite> <!-- test.InvoiceTest -->
