<?xml version="1.0" encoding="UTF-8"?>
<!-- Generated by org.testng.reporters.JUnitReportReporter -->
<testsuite hostname="LAPTOP-KBNO7HO9" failures="0" tests="1" name="test.UI" time="15.770" errors="0" timestamp="2024-02-12T11:34:14 IST" skipped="0">
  <testcase classname="test.UI" name="SignInTest" time="15.770"/>
</testsuite> <!-- test.UI -->
